<?xml version="1.0" encoding="UTF-8"?>
<!-- Generated by org.testng.reporters.JUnitXMLReporter -->
<testsuite hostname="Laxminarayan-s-MacBook-Pro.local" ignored="0" name="Test" tests="2" failures="0" timestamp="29 Sep 2019 19:37:36 GMT" time="69.622" errors="0">
  <testcase name="runScenario" time="35.522" classname="cucumber.api.testng.AbstractTestNGCucumberTests"/>
  <testcase name="runScenario" time="33.969" classname="cucumber.api.testng.AbstractTestNGCucumberTests"/>
</testsuite> <!-- Test -->
