<?xml version="1.0" encoding="UTF-8"?>
<testng-results skipped="0" failed="0" ignored="0" total="2" passed="2">
  <reporter-output>
  </reporter-output>
  <suite name="Suite" duration-ms="69622" started-at="2019-09-29T19:36:22Z" finished-at="2019-09-29T19:37:31Z">
    <groups>
      <group name="cucumber">
        <method signature="AbstractTestNGCucumberTests.runScenario(cucumber.api.testng.PickleEventWrapper, cucumber.api.testng.CucumberFeatureWrapper)[pri:0, instance:runner.RunCuke@12c8a2c0]" name="runScenario" class="cucumber.api.testng.AbstractTestNGCucumberTests"/>
      </group> <!-- cucumber -->
    </groups>
    <test name="Test" duration-ms="69622" started-at="2019-09-29T19:36:22Z" finished-at="2019-09-29T19:37:31Z">
      <class name="runner.RunCuke">
        <test-method status="PASS" signature="setUpClass()[pri:0, instance:runner.RunCuke@12c8a2c0]" name="setUpClass" is-config="true" duration-ms="82" started-at="2019-09-29T19:36:22Z" finished-at="2019-09-29T19:36:22Z">
          <reporter-output>
          </reporter-output>
        </test-method> <!-- setUpClass -->
        <test-method status="PASS" signature="runScenario(cucumber.api.testng.PickleEventWrapper, cucumber.api.testng.CucumberFeatureWrapper)[pri:0, instance:runner.RunCuke@12c8a2c0]" name="runScenario" duration-ms="35522" started-at="2019-09-29T19:36:22Z" description="Runs Cucumber Scenarios" data-provider="scenarios" finished-at="2019-09-29T19:36:57Z">
          <params>
            <param index="0">
              <value>
                <![CDATA["Validate Favorite Shows Page"]]>
              </value>
            </param>
            <param index="1">
              <value>
                <![CDATA["To validate Favorite Shows feature is working"]]>
              </value>
            </param>
          </params>
          <reporter-output>
          </reporter-output>
        </test-method> <!-- runScenario -->
        <test-method status="PASS" signature="runScenario(cucumber.api.testng.PickleEventWrapper, cucumber.api.testng.CucumberFeatureWrapper)[pri:0, instance:runner.RunCuke@12c8a2c0]" name="runScenario" duration-ms="33969" started-at="2019-09-29T19:36:57Z" description="Runs Cucumber Scenarios" data-provider="scenarios" finished-at="2019-09-29T19:37:31Z">
          <params>
            <param index="0">
              <value>
                <![CDATA["Validate All shows List"]]>
              </value>
            </param>
            <param index="1">
              <value>
                <![CDATA["To validate and extract all  Showstitles and duration"]]>
              </value>
            </param>
          </params>
          <reporter-output>
          </reporter-output>
        </test-method> <!-- runScenario -->
        <test-method status="PASS" signature="tearDownClass()[pri:0, instance:runner.RunCuke@12c8a2c0]" name="tearDownClass" is-config="true" duration-ms="4" started-at="2019-09-29T19:37:31Z" finished-at="2019-09-29T19:37:31Z">
          <reporter-output>
          </reporter-output>
        </test-method> <!-- tearDownClass -->
      </class> <!-- runner.RunCuke -->
    </test> <!-- Test -->
  </suite> <!-- Suite -->
</testng-results>
